2017-08-19 00:00:09  [ main:0 ] - [ INFO ]  switchExecutorServicesQueue has been initialized
2017-08-19 00:00:09  [ main:7 ] - [ INFO ]  init executorServices done.
2017-08-19 00:00:09  [ main:60 ] - [ INFO ]  this is the first executorService on the BlockingDeque.[java.util.concurrent.Executors$FinalizableDelegatedExecutorService@1cf4f579]
2017-08-19 00:00:45  [ main:0 ] - [ INFO ]  switchExecutorServicesQueue has been initialized
2017-08-19 00:00:45  [ main:5 ] - [ INFO ]  init executorServices done.
2017-08-19 00:00:45  [ main:59 ] - [ INFO ]  this is the first executorService on the BlockingDeque.[java.util.concurrent.Executors$FinalizableDelegatedExecutorService@1cf4f579]
2017-08-19 00:02:26  [ main:0 ] - [ INFO ]  switchExecutorServicesQueue has been initialized
2017-08-19 00:02:26  [ main:5 ] - [ INFO ]  init executorServices done:8/40/16
2017-08-19 00:02:27  [ main:59 ] - [ INFO ]  this is the first executorService on the BlockingDeque.[java.util.concurrent.Executors$FinalizableDelegatedExecutorService@1cf4f579]
2017-08-19 00:03:20  [ main:0 ] - [ INFO ]  switchExecutorServicesQueue has been initialized
2017-08-19 00:03:20  [ main:6 ] - [ DEBUG ]  java.util.concurrent.ThreadPoolExecutor@37f8bb67[Running, pool size = 0, active threads = 0, queued tasks = 0, completed tasks = 0]
2017-08-19 00:03:20  [ main:7 ] - [ DEBUG ]  java.util.concurrent.ThreadPoolExecutor@49c2faae[Running, pool size = 0, active threads = 0, queued tasks = 0, completed tasks = 0]
2017-08-19 00:03:20  [ main:8 ] - [ INFO ]  init executorServices done:8/40/16
2017-08-19 00:03:20  [ main:67 ] - [ INFO ]  this is the first executorService on the BlockingDeque.[java.util.concurrent.Executors$FinalizableDelegatedExecutorService@4f2410ac]
2017-08-19 00:03:53  [ main:0 ] - [ INFO ]  switchExecutorServicesQueue has been initialized
2017-08-19 00:03:53  [ main:6 ] - [ DEBUG ]  java.util.concurrent.ThreadPoolExecutor@37f8bb67[Running, pool size = 0, active threads = 0, queued tasks = 0, completed tasks = 0]
2017-08-19 00:03:53  [ main:6 ] - [ DEBUG ]  java.util.concurrent.ThreadPoolExecutor@49c2faae[Running, pool size = 0, active threads = 0, queued tasks = 0, completed tasks = 0]
2017-08-19 00:03:53  [ main:6 ] - [ INFO ]  init executorServices done:8/40/16
2017-08-19 00:03:53  [ main:63 ] - [ INFO ]  this is the first executorService on the BlockingDeque.[java.util.concurrent.Executors$FinalizableDelegatedExecutorService@4f2410ac]
2017-08-19 00:04:49  [ main:0 ] - [ INFO ]  switchExecutorServicesQueue has been initialized
2017-08-19 00:04:49  [ main:7 ] - [ DEBUG ]  java.util.concurrent.ThreadPoolExecutor@37f8bb67[Running, pool size = 0, active threads = 0, queued tasks = 0, completed tasks = 0]
2017-08-19 00:04:49  [ main:8 ] - [ DEBUG ]  java.util.concurrent.ThreadPoolExecutor@49c2faae[Running, pool size = 0, active threads = 0, queued tasks = 0, completed tasks = 0]
2017-08-19 00:04:49  [ main:8 ] - [ INFO ]  init executorServices done:8/40/16
2017-08-19 00:04:49  [ main:63 ] - [ INFO ]  this is the first executorService on the BlockingDeque.[java.util.concurrent.Executors$FinalizableDelegatedExecutorService@4f2410ac]
2017-08-19 00:06:01  [ main:0 ] - [ INFO ]  switchExecutorServicesQueue has been initialized
2017-08-19 00:06:24  [ main:0 ] - [ INFO ]  switchExecutorServicesQueue has been initialized
2017-08-19 00:07:29  [ main:0 ] - [ INFO ]  switchExecutorServicesQueue has been initialized
2017-08-19 00:07:36  [ main:0 ] - [ INFO ]  switchExecutorServicesQueue has been initialized
2017-08-19 00:07:50  [ main:0 ] - [ INFO ]  switchExecutorServicesQueue has been initialized
2017-08-19 00:08:45  [ main:0 ] - [ INFO ]  switchExecutorServicesQueue has been initialized
2017-08-19 00:08:45  [ main:8 ] - [ DEBUG ]  java.util.concurrent.ThreadPoolExecutor@20ad9418[Running, pool size = 1, active threads = 0, queued tasks = 0, completed tasks = 1]
2017-08-19 00:08:45  [ main:9 ] - [ DEBUG ]  java.util.concurrent.ThreadPoolExecutor@31cefde0[Running, pool size = 0, active threads = 0, queued tasks = 0, completed tasks = 0]
2017-08-19 00:08:45  [ main:9 ] - [ INFO ]  init executorServices done:8/40/16
2017-08-19 00:08:45  [ main:71 ] - [ INFO ]  this is the first executorService on the BlockingDeque.[java.util.concurrent.Executors$FinalizableDelegatedExecutorService@5b80350b]
2017-08-19 00:09:54  [ main:0 ] - [ INFO ]  switchExecutorServicesQueue has been initialized
2017-08-19 00:09:54  [ main:8 ] - [ DEBUG ]  java.util.concurrent.ThreadPoolExecutor@20ad9418[Running, pool size = 1, active threads = 0, queued tasks = 0, completed tasks = 1]
2017-08-19 00:09:54  [ main:9 ] - [ DEBUG ]  java.util.concurrent.ThreadPoolExecutor@31cefde0[Running, pool size = 0, active threads = 0, queued tasks = 0, completed tasks = 0]
2017-08-19 00:09:54  [ main:9 ] - [ INFO ]  init executorServices done:8/40/16
2017-08-19 00:09:54  [ main:62 ] - [ INFO ]  this is the first executorService on the BlockingDeque.[java.util.concurrent.Executors$FinalizableDelegatedExecutorService@5b80350b]
2017-08-19 00:12:11  [ main:0 ] - [ INFO ]  switchExecutorServicesQueue has been initialized
2017-08-19 00:12:11  [ main:7 ] - [ INFO ]  init executorServices done:8/40/16
2017-08-19 00:12:11  [ main:62 ] - [ INFO ]  this is the first executorService on the BlockingDeque.[java.util.concurrent.Executors$FinalizableDelegatedExecutorService@1cf4f579]
2017-08-19 00:12:59  [ main:0 ] - [ INFO ]  switchExecutorServicesQueue has been initialized
2017-08-19 00:12:59  [ main:5 ] - [ INFO ]  init executorServices done:8/40/16
2017-08-19 00:12:59  [ main:62 ] - [ INFO ]  this is the first executorService on the BlockingDeque.[java.util.concurrent.Executors$FinalizableDelegatedExecutorService@1cf4f579]
2017-08-19 00:13:17  [ main:0 ] - [ INFO ]  switchExecutorServicesQueue has been initialized
2017-08-19 00:13:17  [ main:7 ] - [ INFO ]  init executorServices done:8/40/16
2017-08-19 00:13:17  [ main:61 ] - [ INFO ]  this is the first executorService on the BlockingDeque.[java.util.concurrent.Executors$FinalizableDelegatedExecutorService@1cf4f579]
2017-08-19 00:13:26  [ main:0 ] - [ INFO ]  switchExecutorServicesQueue has been initialized
2017-08-19 00:13:26  [ main:6 ] - [ INFO ]  init executorServices done:8/40/16
2017-08-19 00:13:26  [ main:60 ] - [ INFO ]  this is the first executorService on the BlockingDeque.[java.util.concurrent.Executors$FinalizableDelegatedExecutorService@1cf4f579]
2017-08-19 00:14:04  [ main:0 ] - [ INFO ]  switchExecutorServicesQueue has been initialized
2017-08-19 00:14:04  [ main:7 ] - [ INFO ]  init executorServices done:8/40/16
2017-08-19 00:14:04  [ main:66 ] - [ INFO ]  this is the first executorService on the BlockingDeque.[java.util.concurrent.Executors$FinalizableDelegatedExecutorService@1cf4f579]
2017-08-19 00:14:04  [ main:67 ] - [ INFO ]  switch executorService from [java.util.concurrent.Executors$FinalizableDelegatedExecutorService@1cf4f579] to [java.util.concurrent.Executors$FinalizableDelegatedExecutorService@1cf4f579]
2017-08-19 00:15:45  [ main:0 ] - [ INFO ]  switchExecutorServicesQueue has been initialized
2017-08-19 00:15:45  [ main:6 ] - [ INFO ]  init executorServices done:8/40/16
2017-08-19 00:15:45  [ main:63 ] - [ INFO ]  this is the first executorService on the BlockingDeque.[java.util.concurrent.ThreadPoolExecutor@15327b79[Running, pool size = 0, active threads = 0, queued tasks = 0, completed tasks = 0]]
2017-08-19 00:15:45  [ main:64 ] - [ INFO ]  switch executorService from [java.util.concurrent.ThreadPoolExecutor@15327b79[Running, pool size = 1, active threads = 1, queued tasks = 0, completed tasks = 0]] to [java.util.concurrent.ThreadPoolExecutor@5b80350b[Running, pool size = 0, active threads = 0, queued tasks = 0, completed tasks = 0]]
2017-08-19 16:05:04  [ main:0 ] - [ INFO ]  switchExecutorServicesQueue has been initialized
2017-08-19 16:05:04  [ main:7 ] - [ INFO ]  init executorServices done:8/40/16
2017-08-19 16:05:04  [ main:70 ] - [ INFO ]  this is the first executorService on the BlockingDeque.[java.util.concurrent.ThreadPoolExecutor@15327b79[Running, pool size = 0, active threads = 0, queued tasks = 0, completed tasks = 0]]
2017-08-19 16:05:04  [ main:72 ] - [ INFO ]  switch executorService from [java.util.concurrent.ThreadPoolExecutor@15327b79[Running, pool size = 1, active threads = 1, queued tasks = 0, completed tasks = 0]] to [java.util.concurrent.ThreadPoolExecutor@5b80350b[Running, pool size = 0, active threads = 0, queued tasks = 0, completed tasks = 0]]
2017-08-19 16:05:04  [ main:76 ] - [ INFO ]  switch executorService from [java.util.concurrent.ThreadPoolExecutor@5b80350b[Running, pool size = 2, active threads = 2, queued tasks = 0, completed tasks = 0]] to [null]
2017-08-19 16:06:00  [ main:0 ] - [ INFO ]  switchExecutorServicesQueue has been initialized
2017-08-19 16:06:00  [ main:6 ] - [ INFO ]  init executorServices done:8/40/16
2017-08-19 16:06:00  [ main:67 ] - [ INFO ]  this is the first executorService on the BlockingDeque.[java.util.concurrent.ThreadPoolExecutor@15327b79[Running, pool size = 0, active threads = 0, queued tasks = 0, completed tasks = 0]]
2017-08-19 16:06:00  [ main:68 ] - [ INFO ]  switch executorService from [java.util.concurrent.ThreadPoolExecutor@15327b79[Running, pool size = 1, active threads = 1, queued tasks = 0, completed tasks = 0]] to [java.util.concurrent.ThreadPoolExecutor@5b80350b[Running, pool size = 0, active threads = 0, queued tasks = 0, completed tasks = 0]]
2017-08-19 16:06:10  [ main:0 ] - [ INFO ]  switchExecutorServicesQueue has been initialized
2017-08-19 16:06:10  [ main:6 ] - [ INFO ]  init executorServices done:8/40/16
2017-08-19 16:06:10  [ main:60 ] - [ INFO ]  this is the first executorService on the BlockingDeque.[java.util.concurrent.ThreadPoolExecutor@15327b79[Running, pool size = 0, active threads = 0, queued tasks = 0, completed tasks = 0]]
2017-08-19 16:06:10  [ main:61 ] - [ INFO ]  switch executorService from [java.util.concurrent.ThreadPoolExecutor@15327b79[Running, pool size = 1, active threads = 1, queued tasks = 0, completed tasks = 0]] to [java.util.concurrent.ThreadPoolExecutor@5b80350b[Running, pool size = 0, active threads = 0, queued tasks = 0, completed tasks = 0]]
2017-08-19 16:08:41  [ main:0 ] - [ INFO ]  switchExecutorServicesQueue has been initialized
2017-08-19 16:08:41  [ main:5 ] - [ INFO ]  init executorServices done:8/40/16
2017-08-19 16:08:41  [ main:61 ] - [ INFO ]  this is the first executorService on the BlockingDeque.[java.util.concurrent.ThreadPoolExecutor@15327b79[Running, pool size = 0, active threads = 0, queued tasks = 0, completed tasks = 0]]
2017-08-19 16:08:41  [ main:62 ] - [ INFO ]  switch executorService from [java.util.concurrent.ThreadPoolExecutor@15327b79[Running, pool size = 1, active threads = 1, queued tasks = 0, completed tasks = 0]] to [java.util.concurrent.ThreadPoolExecutor@5b80350b[Running, pool size = 0, active threads = 0, queued tasks = 0, completed tasks = 0]]
2017-08-19 16:08:41  [ main:64 ] - [ INFO ]  switch executorService from [java.util.concurrent.ThreadPoolExecutor@5b80350b[Running, pool size = 1, active threads = 1, queued tasks = 0, completed tasks = 0]] to [null]
2017-08-19 16:09:30  [ main:0 ] - [ INFO ]  switchExecutorServicesQueue has been initialized
2017-08-19 16:09:30  [ main:6 ] - [ INFO ]  init executorServices done:8/40/16
2017-08-19 16:09:30  [ main:61 ] - [ INFO ]  this is the first executorService on the BlockingDeque.[java.util.concurrent.ThreadPoolExecutor@15327b79[Running, pool size = 0, active threads = 0, queued tasks = 0, completed tasks = 0]]
2017-08-19 16:09:30  [ main:62 ] - [ INFO ]  switch executorService from [java.util.concurrent.ThreadPoolExecutor@15327b79[Running, pool size = 1, active threads = 1, queued tasks = 0, completed tasks = 0]] to [java.util.concurrent.ThreadPoolExecutor@5b80350b[Running, pool size = 0, active threads = 0, queued tasks = 0, completed tasks = 0]]
2017-08-19 16:09:30  [ main:64 ] - [ INFO ]  switch executorService from [java.util.concurrent.ThreadPoolExecutor@5b80350b[Running, pool size = 1, active threads = 1, queued tasks = 0, completed tasks = 0]] to [java.util.concurrent.Executors$FinalizableDelegatedExecutorService@78e03bb5]
2017-08-19 16:09:30  [ main:65 ] - [ INFO ]  switch executorService from [java.util.concurrent.Executors$FinalizableDelegatedExecutorService@78e03bb5] to [java.util.concurrent.Executors$FinalizableDelegatedExecutorService@78e03bb5]
2017-08-19 16:09:46  [ main:0 ] - [ INFO ]  switchExecutorServicesQueue has been initialized
2017-08-19 16:09:46  [ main:8 ] - [ INFO ]  init executorServices done:8/40/16
2017-08-19 16:09:47  [ main:61 ] - [ INFO ]  this is the first executorService on the BlockingDeque.[java.util.concurrent.ThreadPoolExecutor@15327b79[Running, pool size = 0, active threads = 0, queued tasks = 0, completed tasks = 0]]
2017-08-19 16:09:47  [ main:62 ] - [ INFO ]  switch executorService from [java.util.concurrent.ThreadPoolExecutor@15327b79[Running, pool size = 1, active threads = 1, queued tasks = 0, completed tasks = 0]] to [java.util.concurrent.ThreadPoolExecutor@5b80350b[Running, pool size = 0, active threads = 0, queued tasks = 0, completed tasks = 0]]
2017-08-19 16:09:47  [ main:64 ] - [ INFO ]  switch executorService from [java.util.concurrent.ThreadPoolExecutor@5b80350b[Running, pool size = 1, active threads = 1, queued tasks = 0, completed tasks = 0]] to [java.util.concurrent.Executors$FinalizableDelegatedExecutorService@78e03bb5]
2017-08-19 16:09:47  [ main:65 ] - [ INFO ]  switch executorService from [java.util.concurrent.Executors$FinalizableDelegatedExecutorService@78e03bb5] to [java.util.concurrent.Executors$FinalizableDelegatedExecutorService@78e03bb5]
2017-08-19 16:13:57  [ main:0 ] - [ INFO ]  switchExecutorServicesQueue has been initialized
2017-08-19 16:13:57  [ main:5 ] - [ INFO ]  init executorServices done:8/40/16
2017-08-19 16:13:57  [ main:64 ] - [ INFO ]  this is the first executorService on the BlockingDeque.[java.util.concurrent.ThreadPoolExecutor@15327b79[Running, pool size = 0, active threads = 0, queued tasks = 0, completed tasks = 0]]
2017-08-19 16:13:57  [ main:65 ] - [ INFO ]  switch executorService from [java.util.concurrent.ThreadPoolExecutor@15327b79[Running, pool size = 1, active threads = 1, queued tasks = 0, completed tasks = 0]] to [java.util.concurrent.ThreadPoolExecutor@5b80350b[Running, pool size = 0, active threads = 0, queued tasks = 0, completed tasks = 0]]
2017-08-19 16:13:57  [ main:67 ] - [ INFO ]  switch executorService from [java.util.concurrent.ThreadPoolExecutor@5b80350b[Running, pool size = 1, active threads = 1, queued tasks = 0, completed tasks = 0]] to [java.util.concurrent.ThreadPoolExecutor@15327b79[Running, pool size = 1, active threads = 1, queued tasks = 0, completed tasks = 0]]
2017-08-19 16:13:57  [ main:67 ] - [ INFO ]  switch executorService from [java.util.concurrent.ThreadPoolExecutor@15327b79[Running, pool size = 2, active threads = 2, queued tasks = 0, completed tasks = 0]] to [java.util.concurrent.ThreadPoolExecutor@15327b79[Running, pool size = 2, active threads = 2, queued tasks = 0, completed tasks = 0]]
2017-08-19 16:28:06  [ main:0 ] - [ INFO ]  switchExecutorServicesQueue has been initialized
2017-08-19 16:28:06  [ main:5 ] - [ INFO ]  init executorServices done:8/40/16
2017-08-19 16:28:06  [ main:64 ] - [ INFO ]  this is the first executorService on the BlockingDeque.[java.util.concurrent.ThreadPoolExecutor@15327b79[Running, pool size = 0, active threads = 0, queued tasks = 0, completed tasks = 0]]
2017-08-19 16:28:06  [ main:65 ] - [ INFO ]  switch executorService from [java.util.concurrent.ThreadPoolExecutor@15327b79[Running, pool size = 1, active threads = 1, queued tasks = 0, completed tasks = 0]] to [java.util.concurrent.ThreadPoolExecutor@5b80350b[Running, pool size = 0, active threads = 0, queued tasks = 0, completed tasks = 0]]
2017-08-19 16:28:06  [ main:67 ] - [ INFO ]  switch executorService from [java.util.concurrent.ThreadPoolExecutor@5b80350b[Running, pool size = 1, active threads = 1, queued tasks = 0, completed tasks = 0]] to [java.util.concurrent.ThreadPoolExecutor@15327b79[Running, pool size = 1, active threads = 1, queued tasks = 0, completed tasks = 0]]
2017-08-19 16:28:06  [ main:67 ] - [ INFO ]  switch executorService from [java.util.concurrent.ThreadPoolExecutor@15327b79[Running, pool size = 2, active threads = 2, queued tasks = 0, completed tasks = 0]] to [java.util.concurrent.ThreadPoolExecutor@15327b79[Running, pool size = 2, active threads = 2, queued tasks = 0, completed tasks = 0]]
2017-08-19 16:28:06  [ main:68 ] - [ INFO ]  switch executorService from [java.util.concurrent.ThreadPoolExecutor@15327b79[Running, pool size = 2, active threads = 2, queued tasks = 0, completed tasks = 0]] to [java.util.concurrent.ThreadPoolExecutor@15327b79[Running, pool size = 2, active threads = 2, queued tasks = 0, completed tasks = 0]]
2017-08-19 16:28:32  [ main:0 ] - [ INFO ]  switchExecutorServicesQueue has been initialized
2017-08-19 16:28:32  [ main:6 ] - [ INFO ]  init executorServices done:8/40/16
2017-08-19 16:28:32  [ main:56 ] - [ INFO ]  this is the first executorService on the BlockingDeque.[java.util.concurrent.ThreadPoolExecutor@15327b79[Running, pool size = 0, active threads = 0, queued tasks = 0, completed tasks = 0]]
2017-08-19 16:28:32  [ main:57 ] - [ INFO ]  switch executorService from [java.util.concurrent.ThreadPoolExecutor@15327b79[Running, pool size = 1, active threads = 1, queued tasks = 0, completed tasks = 0]] to [java.util.concurrent.ThreadPoolExecutor@5b80350b[Running, pool size = 0, active threads = 0, queued tasks = 0, completed tasks = 0]]
2017-08-19 16:28:32  [ main:59 ] - [ INFO ]  switch executorService from [java.util.concurrent.ThreadPoolExecutor@5b80350b[Running, pool size = 1, active threads = 1, queued tasks = 0, completed tasks = 0]] to [java.util.concurrent.ThreadPoolExecutor@15327b79[Running, pool size = 1, active threads = 1, queued tasks = 0, completed tasks = 0]]
2017-08-19 16:28:32  [ main:60 ] - [ INFO ]  switch executorService from [java.util.concurrent.ThreadPoolExecutor@15327b79[Running, pool size = 2, active threads = 2, queued tasks = 0, completed tasks = 0]] to [java.util.concurrent.ThreadPoolExecutor@15327b79[Running, pool size = 2, active threads = 2, queued tasks = 0, completed tasks = 0]]
2017-08-19 16:28:32  [ main:60 ] - [ INFO ]  switch executorService from [java.util.concurrent.ThreadPoolExecutor@15327b79[Running, pool size = 2, active threads = 2, queued tasks = 0, completed tasks = 0]] to [java.util.concurrent.ThreadPoolExecutor@15327b79[Running, pool size = 2, active threads = 2, queued tasks = 0, completed tasks = 0]]
2017-08-19 16:35:54  [ main:0 ] - [ INFO ]  switchExecutorServicesQueue has been initialized
2017-08-19 16:35:54  [ main:6 ] - [ INFO ]  init executorServices done:8/40/16
2017-08-19 16:35:54  [ main:65 ] - [ INFO ]  this is the first executorService on the BlockingDeque.[java.util.concurrent.ThreadPoolExecutor@15327b79[Running, pool size = 0, active threads = 0, queued tasks = 0, completed tasks = 0]]
2017-08-19 16:35:54  [ main:66 ] - [ INFO ]  switch executorService from [java.util.concurrent.ThreadPoolExecutor@15327b79[Running, pool size = 1, active threads = 1, queued tasks = 0, completed tasks = 0]] to [java.util.concurrent.ThreadPoolExecutor@5b80350b[Running, pool size = 0, active threads = 0, queued tasks = 0, completed tasks = 0]]
2017-08-19 16:35:54  [ main:69 ] - [ INFO ]  switch executorService from [java.util.concurrent.ThreadPoolExecutor@5b80350b[Running, pool size = 1, active threads = 1, queued tasks = 0, completed tasks = 0]] to [java.util.concurrent.ThreadPoolExecutor@15327b79[Running, pool size = 1, active threads = 1, queued tasks = 0, completed tasks = 0]]
2017-08-19 16:35:54  [ main:69 ] - [ INFO ]  switch executorService from [java.util.concurrent.ThreadPoolExecutor@15327b79[Running, pool size = 2, active threads = 2, queued tasks = 0, completed tasks = 0]] to [java.util.concurrent.ThreadPoolExecutor@15327b79[Running, pool size = 2, active threads = 2, queued tasks = 0, completed tasks = 0]]
2017-08-19 16:35:54  [ main:70 ] - [ INFO ]  switch executorService from [java.util.concurrent.ThreadPoolExecutor@15327b79[Running, pool size = 2, active threads = 2, queued tasks = 0, completed tasks = 0]] to [java.util.concurrent.ThreadPoolExecutor@15327b79[Running, pool size = 2, active threads = 2, queued tasks = 0, completed tasks = 0]]
2017-08-19 16:36:02  [ main:0 ] - [ INFO ]  switchExecutorServicesQueue has been initialized
2017-08-19 16:36:02  [ main:8 ] - [ INFO ]  init executorServices done:8/40/16
2017-08-19 16:36:02  [ main:71 ] - [ INFO ]  this is the first executorService on the BlockingDeque.[java.util.concurrent.ThreadPoolExecutor@15327b79[Running, pool size = 0, active threads = 0, queued tasks = 0, completed tasks = 0]]
2017-08-19 16:36:02  [ main:72 ] - [ INFO ]  switch executorService from [java.util.concurrent.ThreadPoolExecutor@15327b79[Running, pool size = 1, active threads = 1, queued tasks = 0, completed tasks = 0]] to [java.util.concurrent.ThreadPoolExecutor@5b80350b[Running, pool size = 0, active threads = 0, queued tasks = 0, completed tasks = 0]]
2017-08-19 16:36:02  [ main:75 ] - [ INFO ]  switch executorService from [java.util.concurrent.ThreadPoolExecutor@5b80350b[Running, pool size = 1, active threads = 1, queued tasks = 0, completed tasks = 0]] to [java.util.concurrent.ThreadPoolExecutor@15327b79[Running, pool size = 1, active threads = 1, queued tasks = 0, completed tasks = 0]]
2017-08-19 16:36:02  [ main:75 ] - [ INFO ]  switch executorService from [java.util.concurrent.ThreadPoolExecutor@15327b79[Running, pool size = 2, active threads = 2, queued tasks = 0, completed tasks = 0]] to [java.util.concurrent.ThreadPoolExecutor@15327b79[Running, pool size = 2, active threads = 2, queued tasks = 0, completed tasks = 0]]
2017-08-19 16:36:02  [ main:75 ] - [ INFO ]  switch executorService from [java.util.concurrent.ThreadPoolExecutor@15327b79[Running, pool size = 2, active threads = 2, queued tasks = 0, completed tasks = 0]] to [java.util.concurrent.ThreadPoolExecutor@15327b79[Running, pool size = 2, active threads = 2, queued tasks = 0, completed tasks = 0]]
2017-08-19 16:36:43  [ main:0 ] - [ INFO ]  switchExecutorServicesQueue has been initialized
2017-08-19 16:36:43  [ main:7 ] - [ INFO ]  init executorServices done:8/40/16
2017-08-19 16:36:43  [ main:68 ] - [ INFO ]  this is the first executorService on the BlockingDeque.[java.util.concurrent.ThreadPoolExecutor@15327b79[Running, pool size = 0, active threads = 0, queued tasks = 0, completed tasks = 0]]
2017-08-19 16:36:43  [ main:69 ] - [ INFO ]  switch executorService from [java.util.concurrent.ThreadPoolExecutor@15327b79[Running, pool size = 1, active threads = 1, queued tasks = 0, completed tasks = 0]] to [java.util.concurrent.ThreadPoolExecutor@5b80350b[Running, pool size = 0, active threads = 0, queued tasks = 0, completed tasks = 0]]
2017-08-19 16:36:43  [ main:71 ] - [ INFO ]  switch executorService from [java.util.concurrent.ThreadPoolExecutor@5b80350b[Running, pool size = 1, active threads = 1, queued tasks = 0, completed tasks = 0]] to [java.util.concurrent.ThreadPoolExecutor@15327b79[Running, pool size = 1, active threads = 1, queued tasks = 0, completed tasks = 0]]
2017-08-19 16:36:43  [ main:71 ] - [ INFO ]  switch executorService from [java.util.concurrent.ThreadPoolExecutor@15327b79[Running, pool size = 2, active threads = 2, queued tasks = 0, completed tasks = 0]] to [java.util.concurrent.ThreadPoolExecutor@15327b79[Running, pool size = 2, active threads = 2, queued tasks = 0, completed tasks = 0]]
2017-08-19 16:36:43  [ main:72 ] - [ INFO ]  switch executorService from [java.util.concurrent.ThreadPoolExecutor@15327b79[Running, pool size = 2, active threads = 2, queued tasks = 0, completed tasks = 0]] to [java.util.concurrent.ThreadPoolExecutor@15327b79[Running, pool size = 2, active threads = 2, queued tasks = 0, completed tasks = 0]]
2017-08-19 16:38:54  [ main:0 ] - [ INFO ]  switchExecutorServicesQueue has been initialized
2017-08-19 16:38:54  [ main:6 ] - [ INFO ]  init executorServices done:8/40/16
2017-08-19 16:38:54  [ main:63 ] - [ INFO ]  this is the first executorService on the BlockingDeque.[java.util.concurrent.ThreadPoolExecutor@15327b79[Running, pool size = 0, active threads = 0, queued tasks = 0, completed tasks = 0]]
2017-08-19 16:38:54  [ main:64 ] - [ INFO ]  switch executorService from [java.util.concurrent.ThreadPoolExecutor@15327b79[Running, pool size = 1, active threads = 1, queued tasks = 0, completed tasks = 0]] to [java.util.concurrent.ThreadPoolExecutor@5b80350b[Running, pool size = 0, active threads = 0, queued tasks = 0, completed tasks = 0]]
2017-08-19 16:38:54  [ main:66 ] - [ INFO ]  switch executorService from [java.util.concurrent.ThreadPoolExecutor@5b80350b[Running, pool size = 1, active threads = 1, queued tasks = 0, completed tasks = 0]] to [java.util.concurrent.ThreadPoolExecutor@15327b79[Running, pool size = 1, active threads = 1, queued tasks = 0, completed tasks = 0]]
2017-08-19 16:38:54  [ main:66 ] - [ INFO ]  switch executorService from [java.util.concurrent.ThreadPoolExecutor@15327b79[Running, pool size = 2, active threads = 2, queued tasks = 0, completed tasks = 0]] to [java.util.concurrent.ThreadPoolExecutor@15327b79[Running, pool size = 2, active threads = 2, queued tasks = 0, completed tasks = 0]]
2017-08-19 16:38:54  [ main:66 ] - [ INFO ]  switch executorService from [java.util.concurrent.ThreadPoolExecutor@15327b79[Running, pool size = 2, active threads = 2, queued tasks = 0, completed tasks = 0]] to [java.util.concurrent.ThreadPoolExecutor@15327b79[Running, pool size = 2, active threads = 2, queued tasks = 0, completed tasks = 0]]
2017-08-19 16:45:30  [ main:0 ] - [ INFO ]  switchExecutorServicesQueue has been initialized
2017-08-19 16:45:30  [ main:6 ] - [ INFO ]  init executorServices done:8/40/16
2017-08-19 16:45:30  [ main:70 ] - [ INFO ]  this is the first executorService on the BlockingDeque.[java.util.concurrent.ThreadPoolExecutor@15327b79[Running, pool size = 0, active threads = 0, queued tasks = 0, completed tasks = 0]]
2017-08-19 16:45:30  [ main:72 ] - [ INFO ]  switch executorService from [java.util.concurrent.ThreadPoolExecutor@15327b79[Running, pool size = 1, active threads = 1, queued tasks = 0, completed tasks = 0]] to [java.util.concurrent.ThreadPoolExecutor@5b80350b[Running, pool size = 0, active threads = 0, queued tasks = 0, completed tasks = 0]]
2017-08-19 16:45:30  [ main:74 ] - [ INFO ]  switch executorService from [java.util.concurrent.ThreadPoolExecutor@5b80350b[Running, pool size = 1, active threads = 1, queued tasks = 0, completed tasks = 0]] to [java.util.concurrent.ThreadPoolExecutor@15327b79[Running, pool size = 1, active threads = 1, queued tasks = 0, completed tasks = 0]]
2017-08-19 16:45:30  [ main:74 ] - [ INFO ]  switch executorService from [java.util.concurrent.ThreadPoolExecutor@15327b79[Running, pool size = 2, active threads = 2, queued tasks = 0, completed tasks = 0]] to [java.util.concurrent.ThreadPoolExecutor@15327b79[Running, pool size = 2, active threads = 2, queued tasks = 0, completed tasks = 0]]
2017-08-19 16:45:30  [ main:74 ] - [ INFO ]  switch executorService from [java.util.concurrent.ThreadPoolExecutor@15327b79[Running, pool size = 2, active threads = 2, queued tasks = 0, completed tasks = 0]] to [java.util.concurrent.ThreadPoolExecutor@15327b79[Running, pool size = 2, active threads = 2, queued tasks = 0, completed tasks = 0]]
2017-08-19 16:55:17  [ main:0 ] - [ INFO ]  switchExecutorServicesQueue has been initialized
2017-08-19 16:55:17  [ main:6 ] - [ INFO ]  init executorServices done:8/40/16
2017-08-19 16:55:17  [ main:62 ] - [ INFO ]  this is the first executorService on the BlockingDeque.[java.util.concurrent.ThreadPoolExecutor@15327b79[Running, pool size = 0, active threads = 0, queued tasks = 0, completed tasks = 0]]
2017-08-19 16:55:17  [ main:63 ] - [ INFO ]  switch executorService from [java.util.concurrent.ThreadPoolExecutor@15327b79[Running, pool size = 1, active threads = 1, queued tasks = 0, completed tasks = 0]] to [java.util.concurrent.ThreadPoolExecutor@5b80350b[Running, pool size = 0, active threads = 0, queued tasks = 0, completed tasks = 0]]
2017-08-19 16:55:17  [ main:65 ] - [ INFO ]  switch executorService from [java.util.concurrent.ThreadPoolExecutor@5b80350b[Running, pool size = 1, active threads = 1, queued tasks = 0, completed tasks = 0]] to [java.util.concurrent.ThreadPoolExecutor@15327b79[Running, pool size = 1, active threads = 1, queued tasks = 0, completed tasks = 0]]
2017-08-19 16:55:17  [ main:65 ] - [ INFO ]  switch executorService from [java.util.concurrent.ThreadPoolExecutor@15327b79[Running, pool size = 2, active threads = 2, queued tasks = 0, completed tasks = 0]] to [java.util.concurrent.ThreadPoolExecutor@15327b79[Running, pool size = 2, active threads = 2, queued tasks = 0, completed tasks = 0]]
2017-08-19 16:57:24  [ main:1 ] - [ INFO ]  switchExecutorServicesQueue has been initialized
2017-08-19 16:57:24  [ main:6 ] - [ INFO ]  init executorServices done:8/40/16
2017-08-19 16:57:24  [ main:63 ] - [ INFO ]  this is the first executorService on the BlockingDeque.[java.util.concurrent.ThreadPoolExecutor@15327b79[Running, pool size = 0, active threads = 0, queued tasks = 0, completed tasks = 0]]
2017-08-19 16:57:24  [ main:64 ] - [ INFO ]  switch executorService from [java.util.concurrent.ThreadPoolExecutor@15327b79[Running, pool size = 1, active threads = 1, queued tasks = 0, completed tasks = 0]] to [java.util.concurrent.ThreadPoolExecutor@5b80350b[Running, pool size = 0, active threads = 0, queued tasks = 0, completed tasks = 0]]
2017-08-19 16:57:24  [ main:66 ] - [ INFO ]  switch executorService from [java.util.concurrent.ThreadPoolExecutor@5b80350b[Running, pool size = 1, active threads = 1, queued tasks = 0, completed tasks = 0]] to [java.util.concurrent.ThreadPoolExecutor@15327b79[Running, pool size = 1, active threads = 1, queued tasks = 0, completed tasks = 0]]
2017-08-19 16:57:24  [ main:66 ] - [ INFO ]  switch executorService from [java.util.concurrent.ThreadPoolExecutor@15327b79[Running, pool size = 2, active threads = 2, queued tasks = 0, completed tasks = 0]] to [java.util.concurrent.ThreadPoolExecutor@15327b79[Running, pool size = 2, active threads = 2, queued tasks = 0, completed tasks = 0]]
2017-08-19 16:57:24  [ main:67 ] - [ INFO ]  switch executorService from [java.util.concurrent.ThreadPoolExecutor@15327b79[Running, pool size = 2, active threads = 2, queued tasks = 0, completed tasks = 0]] to [java.util.concurrent.Executors$FinalizableDelegatedExecutorService@5e8c92f4]
2017-08-19 17:09:22  [ main:0 ] - [ INFO ]  switchExecutorServicesQueue has been initialized
2017-08-19 17:09:22  [ main:5 ] - [ INFO ]  init executorServices done:8/40/16
2017-08-19 17:09:22  [ main:66 ] - [ INFO ]  this is the first executorService on the BlockingDeque.[java.util.concurrent.ThreadPoolExecutor@15327b79[Running, pool size = 0, active threads = 0, queued tasks = 0, completed tasks = 0]]
2017-08-19 17:09:22  [ main:67 ] - [ INFO ]  switch executorService from [java.util.concurrent.ThreadPoolExecutor@15327b79[Running, pool size = 1, active threads = 1, queued tasks = 0, completed tasks = 0]] to [java.util.concurrent.ThreadPoolExecutor@5b80350b[Running, pool size = 0, active threads = 0, queued tasks = 0, completed tasks = 0]]
2017-08-19 17:09:22  [ main:69 ] - [ INFO ]  switch executorService from [java.util.concurrent.ThreadPoolExecutor@5b80350b[Running, pool size = 1, active threads = 1, queued tasks = 0, completed tasks = 0]] to [java.util.concurrent.ThreadPoolExecutor@15327b79[Running, pool size = 1, active threads = 1, queued tasks = 0, completed tasks = 0]]
2017-08-19 17:09:22  [ main:70 ] - [ INFO ]  switch executorService from [java.util.concurrent.ThreadPoolExecutor@15327b79[Running, pool size = 2, active threads = 2, queued tasks = 0, completed tasks = 0]] to [java.util.concurrent.ThreadPoolExecutor@15327b79[Running, pool size = 2, active threads = 2, queued tasks = 0, completed tasks = 0]]
2017-08-19 17:09:22  [ main:70 ] - [ INFO ]  switch executorService from [java.util.concurrent.ThreadPoolExecutor@15327b79[Running, pool size = 2, active threads = 2, queued tasks = 0, completed tasks = 0]] to [java.util.concurrent.Executors$FinalizableDelegatedExecutorService@5e8c92f4]
2017-08-19 17:11:32  [ main:0 ] - [ INFO ]  switchExecutorServicesQueue has been initialized
2017-08-19 17:11:32  [ main:7 ] - [ INFO ]  init executorServices done:8/40/16
2017-08-19 17:11:32  [ main:70 ] - [ INFO ]  this is the first executorService on the BlockingDeque.[java.util.concurrent.ThreadPoolExecutor@15327b79[Running, pool size = 0, active threads = 0, queued tasks = 0, completed tasks = 0]]
2017-08-19 17:11:32  [ main:71 ] - [ INFO ]  switch executorService from [java.util.concurrent.ThreadPoolExecutor@15327b79[Running, pool size = 1, active threads = 1, queued tasks = 0, completed tasks = 0]] to [java.util.concurrent.ThreadPoolExecutor@5b80350b[Running, pool size = 0, active threads = 0, queued tasks = 0, completed tasks = 0]]
2017-08-19 17:11:32  [ main:73 ] - [ INFO ]  switch executorService from [java.util.concurrent.ThreadPoolExecutor@5b80350b[Running, pool size = 1, active threads = 1, queued tasks = 0, completed tasks = 0]] to [java.util.concurrent.ThreadPoolExecutor@15327b79[Running, pool size = 1, active threads = 1, queued tasks = 0, completed tasks = 0]]
2017-08-19 17:11:32  [ main:74 ] - [ INFO ]  switch executorService from [java.util.concurrent.ThreadPoolExecutor@15327b79[Running, pool size = 2, active threads = 2, queued tasks = 0, completed tasks = 0]] to [java.util.concurrent.ThreadPoolExecutor@15327b79[Running, pool size = 2, active threads = 2, queued tasks = 0, completed tasks = 0]]
2017-08-19 17:11:32  [ main:74 ] - [ INFO ]  switch executorService from [java.util.concurrent.ThreadPoolExecutor@15327b79[Running, pool size = 2, active threads = 2, queued tasks = 0, completed tasks = 0]] to [java.util.concurrent.Executors$FinalizableDelegatedExecutorService@5e8c92f4]
2017-08-19 17:12:31  [ main:0 ] - [ INFO ]  switchExecutorServicesQueue has been initialized
2017-08-19 17:12:31  [ main:10 ] - [ INFO ]  init executorServices done:8/40/16
2017-08-19 17:12:31  [ main:83 ] - [ INFO ]  this is the first executorService on the BlockingDeque.[java.util.concurrent.ThreadPoolExecutor@15327b79[Running, pool size = 0, active threads = 0, queued tasks = 0, completed tasks = 0]]
2017-08-19 17:12:31  [ main:84 ] - [ INFO ]  switch executorService from [java.util.concurrent.ThreadPoolExecutor@15327b79[Running, pool size = 1, active threads = 0, queued tasks = 0, completed tasks = 0]] to [java.util.concurrent.ThreadPoolExecutor@5b80350b[Running, pool size = 0, active threads = 0, queued tasks = 0, completed tasks = 0]]
2017-08-19 17:12:31  [ main:87 ] - [ INFO ]  switch executorService from [java.util.concurrent.ThreadPoolExecutor@5b80350b[Running, pool size = 1, active threads = 1, queued tasks = 0, completed tasks = 0]] to [java.util.concurrent.ThreadPoolExecutor@15327b79[Running, pool size = 1, active threads = 1, queued tasks = 0, completed tasks = 0]]
2017-08-19 17:12:31  [ main:87 ] - [ INFO ]  switch executorService from [java.util.concurrent.ThreadPoolExecutor@15327b79[Running, pool size = 2, active threads = 2, queued tasks = 0, completed tasks = 0]] to [java.util.concurrent.ThreadPoolExecutor@15327b79[Running, pool size = 2, active threads = 2, queued tasks = 0, completed tasks = 0]]
2017-08-19 17:12:31  [ main:88 ] - [ INFO ]  switch executorService from [java.util.concurrent.ThreadPoolExecutor@15327b79[Running, pool size = 2, active threads = 2, queued tasks = 0, completed tasks = 0]] to [java.util.concurrent.Executors$FinalizableDelegatedExecutorService@5e8c92f4]
2017-08-19 17:13:28  [ main:0 ] - [ INFO ]  switchExecutorServicesQueue has been initialized
2017-08-19 17:13:28  [ main:6 ] - [ INFO ]  init executorServices done:8/40/16
2017-08-19 17:13:28  [ main:64 ] - [ INFO ]  this is the first executorService on the BlockingDeque.[java.util.concurrent.ThreadPoolExecutor@15327b79[Running, pool size = 0, active threads = 0, queued tasks = 0, completed tasks = 0]]
2017-08-19 17:13:28  [ main:65 ] - [ INFO ]  switch executorService from [java.util.concurrent.ThreadPoolExecutor@15327b79[Running, pool size = 1, active threads = 0, queued tasks = 0, completed tasks = 0]] to [java.util.concurrent.ThreadPoolExecutor@5b80350b[Running, pool size = 0, active threads = 0, queued tasks = 0, completed tasks = 0]]
2017-08-19 17:13:28  [ main:67 ] - [ INFO ]  switch executorService from [java.util.concurrent.ThreadPoolExecutor@5b80350b[Running, pool size = 1, active threads = 1, queued tasks = 0, completed tasks = 0]] to [java.util.concurrent.ThreadPoolExecutor@15327b79[Running, pool size = 1, active threads = 1, queued tasks = 0, completed tasks = 0]]
2017-08-19 17:13:28  [ main:68 ] - [ INFO ]  switch executorService from [java.util.concurrent.ThreadPoolExecutor@15327b79[Running, pool size = 2, active threads = 2, queued tasks = 0, completed tasks = 0]] to [java.util.concurrent.ThreadPoolExecutor@15327b79[Running, pool size = 2, active threads = 2, queued tasks = 0, completed tasks = 0]]
2017-08-19 17:13:28  [ main:68 ] - [ INFO ]  switch executorService from [java.util.concurrent.ThreadPoolExecutor@15327b79[Running, pool size = 2, active threads = 2, queued tasks = 0, completed tasks = 0]] to [java.util.concurrent.Executors$FinalizableDelegatedExecutorService@5e8c92f4]
2017-08-19 17:14:01  [ main:0 ] - [ INFO ]  switchExecutorServicesQueue has been initialized
2017-08-19 17:14:01  [ main:8 ] - [ INFO ]  init executorServices done:8/40/16
2017-08-19 17:14:01  [ main:64 ] - [ INFO ]  this is the first executorService on the BlockingDeque.[java.util.concurrent.ThreadPoolExecutor@15327b79[Running, pool size = 0, active threads = 0, queued tasks = 0, completed tasks = 0]]
2017-08-19 17:14:01  [ main:65 ] - [ INFO ]  switch executorService from [java.util.concurrent.ThreadPoolExecutor@15327b79[Running, pool size = 1, active threads = 1, queued tasks = 0, completed tasks = 0]] to [java.util.concurrent.ThreadPoolExecutor@5b80350b[Running, pool size = 0, active threads = 0, queued tasks = 0, completed tasks = 0]]
2017-08-19 17:14:01  [ main:67 ] - [ INFO ]  switch executorService from [java.util.concurrent.ThreadPoolExecutor@5b80350b[Running, pool size = 1, active threads = 1, queued tasks = 0, completed tasks = 0]] to [java.util.concurrent.ThreadPoolExecutor@15327b79[Running, pool size = 1, active threads = 1, queued tasks = 0, completed tasks = 0]]
2017-08-19 17:14:01  [ main:67 ] - [ INFO ]  switch executorService from [java.util.concurrent.ThreadPoolExecutor@15327b79[Running, pool size = 2, active threads = 2, queued tasks = 0, completed tasks = 0]] to [java.util.concurrent.ThreadPoolExecutor@15327b79[Running, pool size = 2, active threads = 2, queued tasks = 0, completed tasks = 0]]
2017-08-19 17:14:01  [ main:67 ] - [ INFO ]  switch executorService from [java.util.concurrent.ThreadPoolExecutor@15327b79[Running, pool size = 2, active threads = 2, queued tasks = 0, completed tasks = 0]] to [java.util.concurrent.Executors$FinalizableDelegatedExecutorService@5e8c92f4]
2017-08-19 17:14:22  [ main:0 ] - [ INFO ]  switchExecutorServicesQueue has been initialized
2017-08-19 17:14:22  [ main:6 ] - [ INFO ]  init executorServices done:8/40/16
2017-08-19 17:14:22  [ main:65 ] - [ INFO ]  this is the first executorService on the BlockingDeque.[java.util.concurrent.ThreadPoolExecutor@15327b79[Running, pool size = 0, active threads = 0, queued tasks = 0, completed tasks = 0]]
2017-08-19 17:14:22  [ main:65 ] - [ INFO ]  switch executorService from [java.util.concurrent.ThreadPoolExecutor@15327b79[Running, pool size = 1, active threads = 1, queued tasks = 0, completed tasks = 0]] to [java.util.concurrent.ThreadPoolExecutor@5b80350b[Running, pool size = 0, active threads = 0, queued tasks = 0, completed tasks = 0]]
2017-08-19 17:14:22  [ main:68 ] - [ INFO ]  switch executorService from [java.util.concurrent.ThreadPoolExecutor@5b80350b[Running, pool size = 1, active threads = 1, queued tasks = 0, completed tasks = 0]] to [java.util.concurrent.ThreadPoolExecutor@15327b79[Running, pool size = 1, active threads = 1, queued tasks = 0, completed tasks = 0]]
2017-08-19 17:14:22  [ main:68 ] - [ INFO ]  switch executorService from [java.util.concurrent.ThreadPoolExecutor@15327b79[Running, pool size = 2, active threads = 2, queued tasks = 0, completed tasks = 0]] to [java.util.concurrent.ThreadPoolExecutor@15327b79[Running, pool size = 2, active threads = 2, queued tasks = 0, completed tasks = 0]]
2017-08-19 17:14:22  [ main:68 ] - [ INFO ]  switch executorService from [java.util.concurrent.ThreadPoolExecutor@15327b79[Running, pool size = 2, active threads = 2, queued tasks = 0, completed tasks = 0]] to [java.util.concurrent.Executors$FinalizableDelegatedExecutorService@5e8c92f4]
2017-08-19 17:14:57  [ main:0 ] - [ INFO ]  switchExecutorServicesQueue has been initialized
2017-08-19 17:14:57  [ main:7 ] - [ INFO ]  init executorServices done:8/40/16
2017-08-19 17:14:57  [ main:64 ] - [ INFO ]  this is the first executorService on the BlockingDeque.[java.util.concurrent.ThreadPoolExecutor@15327b79[Running, pool size = 0, active threads = 0, queued tasks = 0, completed tasks = 0]]
2017-08-19 17:14:57  [ main:65 ] - [ INFO ]  switch executorService from [java.util.concurrent.ThreadPoolExecutor@15327b79[Running, pool size = 1, active threads = 1, queued tasks = 0, completed tasks = 0]] to [java.util.concurrent.ThreadPoolExecutor@5b80350b[Running, pool size = 0, active threads = 0, queued tasks = 0, completed tasks = 0]]
2017-08-19 17:14:57  [ main:67 ] - [ INFO ]  switch executorService from [java.util.concurrent.ThreadPoolExecutor@5b80350b[Running, pool size = 1, active threads = 1, queued tasks = 0, completed tasks = 0]] to [java.util.concurrent.ThreadPoolExecutor@15327b79[Running, pool size = 1, active threads = 0, queued tasks = 0, completed tasks = 1]]
2017-08-19 17:14:57  [ main:68 ] - [ INFO ]  switch executorService from [java.util.concurrent.ThreadPoolExecutor@15327b79[Running, pool size = 2, active threads = 1, queued tasks = 0, completed tasks = 1]] to [java.util.concurrent.ThreadPoolExecutor@15327b79[Running, pool size = 2, active threads = 1, queued tasks = 0, completed tasks = 1]]
2017-08-19 17:14:57  [ main:68 ] - [ INFO ]  switch executorService from [java.util.concurrent.ThreadPoolExecutor@15327b79[Running, pool size = 2, active threads = 0, queued tasks = 0, completed tasks = 2]] to [java.util.concurrent.Executors$FinalizableDelegatedExecutorService@5e8c92f4]
2017-08-19 17:15:15  [ main:0 ] - [ INFO ]  switchExecutorServicesQueue has been initialized
2017-08-19 17:15:15  [ main:5 ] - [ INFO ]  init executorServices done:8/40/16
2017-08-19 17:15:15  [ main:66 ] - [ INFO ]  this is the first executorService on the BlockingDeque.[java.util.concurrent.ThreadPoolExecutor@15327b79[Running, pool size = 0, active threads = 0, queued tasks = 0, completed tasks = 0]]
2017-08-19 17:15:15  [ main:67 ] - [ INFO ]  switch executorService from [java.util.concurrent.ThreadPoolExecutor@15327b79[Running, pool size = 1, active threads = 1, queued tasks = 0, completed tasks = 0]] to [java.util.concurrent.ThreadPoolExecutor@5b80350b[Running, pool size = 0, active threads = 0, queued tasks = 0, completed tasks = 0]]
2017-08-19 17:15:15  [ main:69 ] - [ INFO ]  switch executorService from [java.util.concurrent.ThreadPoolExecutor@5b80350b[Running, pool size = 1, active threads = 1, queued tasks = 0, completed tasks = 0]] to [java.util.concurrent.ThreadPoolExecutor@15327b79[Running, pool size = 1, active threads = 0, queued tasks = 0, completed tasks = 1]]
2017-08-19 17:15:15  [ main:69 ] - [ INFO ]  switch executorService from [java.util.concurrent.ThreadPoolExecutor@15327b79[Running, pool size = 2, active threads = 1, queued tasks = 0, completed tasks = 1]] to [java.util.concurrent.ThreadPoolExecutor@15327b79[Running, pool size = 2, active threads = 1, queued tasks = 0, completed tasks = 1]]
2017-08-19 17:15:15  [ main:70 ] - [ INFO ]  switch executorService from [java.util.concurrent.ThreadPoolExecutor@15327b79[Running, pool size = 2, active threads = 0, queued tasks = 0, completed tasks = 2]] to [java.util.concurrent.Executors$FinalizableDelegatedExecutorService@5e8c92f4]
2017-08-19 17:16:59  [ main:0 ] - [ INFO ]  switchExecutorServicesQueue has been initialized
2017-08-19 17:16:59  [ main:5 ] - [ INFO ]  init executorServices done:8/40/16
2017-08-19 17:16:59  [ main:64 ] - [ INFO ]  this is the first executorService on the BlockingDeque.[java.util.concurrent.ThreadPoolExecutor@15327b79[Running, pool size = 0, active threads = 0, queued tasks = 0, completed tasks = 0]]
2017-08-19 17:16:59  [ main:65 ] - [ INFO ]  switch executorService from [java.util.concurrent.ThreadPoolExecutor@15327b79[Running, pool size = 1, active threads = 1, queued tasks = 0, completed tasks = 0]] to [java.util.concurrent.ThreadPoolExecutor@5b80350b[Running, pool size = 0, active threads = 0, queued tasks = 0, completed tasks = 0]]
2017-08-19 17:16:59  [ main:67 ] - [ INFO ]  switch executorService from [java.util.concurrent.ThreadPoolExecutor@5b80350b[Running, pool size = 1, active threads = 1, queued tasks = 0, completed tasks = 0]] to [java.util.concurrent.ThreadPoolExecutor@15327b79[Running, pool size = 1, active threads = 0, queued tasks = 0, completed tasks = 1]]
2017-08-19 17:16:59  [ main:67 ] - [ INFO ]  switch executorService from [java.util.concurrent.ThreadPoolExecutor@15327b79[Running, pool size = 2, active threads = 1, queued tasks = 0, completed tasks = 1]] to [java.util.concurrent.ThreadPoolExecutor@15327b79[Running, pool size = 2, active threads = 1, queued tasks = 0, completed tasks = 1]]
2017-08-19 17:16:59  [ main:68 ] - [ INFO ]  switch executorService from [java.util.concurrent.ThreadPoolExecutor@15327b79[Running, pool size = 2, active threads = 0, queued tasks = 0, completed tasks = 2]] to [java.util.concurrent.Executors$FinalizableDelegatedExecutorService@5e8c92f4]
2017-08-19 17:17:23  [ main:0 ] - [ INFO ]  switchExecutorServicesQueue has been initialized
2017-08-19 17:17:23  [ main:5 ] - [ INFO ]  init executorServices done:8/40/16
2017-08-19 17:17:23  [ main:65 ] - [ INFO ]  this is the first executorService on the BlockingDeque.[java.util.concurrent.ThreadPoolExecutor@15327b79[Running, pool size = 0, active threads = 0, queued tasks = 0, completed tasks = 0]]
2017-08-19 17:17:23  [ main:66 ] - [ INFO ]  switch executorService from [java.util.concurrent.ThreadPoolExecutor@15327b79[Running, pool size = 1, active threads = 1, queued tasks = 0, completed tasks = 0]] to [java.util.concurrent.ThreadPoolExecutor@5b80350b[Running, pool size = 0, active threads = 0, queued tasks = 0, completed tasks = 0]]
2017-08-19 17:17:23  [ main:69 ] - [ INFO ]  switch executorService from [java.util.concurrent.ThreadPoolExecutor@5b80350b[Running, pool size = 1, active threads = 1, queued tasks = 0, completed tasks = 0]] to [java.util.concurrent.ThreadPoolExecutor@15327b79[Running, pool size = 1, active threads = 0, queued tasks = 0, completed tasks = 1]]
2017-08-19 17:17:23  [ main:69 ] - [ INFO ]  switch executorService from [java.util.concurrent.ThreadPoolExecutor@15327b79[Running, pool size = 2, active threads = 1, queued tasks = 0, completed tasks = 1]] to [java.util.concurrent.ThreadPoolExecutor@15327b79[Running, pool size = 2, active threads = 1, queued tasks = 0, completed tasks = 1]]
2017-08-19 17:17:23  [ main:69 ] - [ INFO ]  switch executorService from [java.util.concurrent.ThreadPoolExecutor@15327b79[Running, pool size = 2, active threads = 0, queued tasks = 0, completed tasks = 2]] to [java.util.concurrent.Executors$FinalizableDelegatedExecutorService@5e8c92f4]
2017-08-19 17:17:49  [ main:0 ] - [ INFO ]  switchExecutorServicesQueue has been initialized
2017-08-19 17:17:49  [ main:6 ] - [ INFO ]  init executorServices done:8/40/16
2017-08-19 17:17:49  [ main:66 ] - [ INFO ]  this is the first executorService on the BlockingDeque.[java.util.concurrent.ThreadPoolExecutor@15327b79[Running, pool size = 0, active threads = 0, queued tasks = 0, completed tasks = 0]]
2017-08-19 17:17:49  [ main:67 ] - [ INFO ]  switch executorService from [java.util.concurrent.ThreadPoolExecutor@15327b79[Running, pool size = 1, active threads = 1, queued tasks = 0, completed tasks = 0]] to [java.util.concurrent.ThreadPoolExecutor@5b80350b[Running, pool size = 0, active threads = 0, queued tasks = 0, completed tasks = 0]]
2017-08-19 17:17:49  [ main:69 ] - [ INFO ]  switch executorService from [java.util.concurrent.ThreadPoolExecutor@5b80350b[Running, pool size = 1, active threads = 1, queued tasks = 0, completed tasks = 0]] to [java.util.concurrent.ThreadPoolExecutor@15327b79[Running, pool size = 1, active threads = 0, queued tasks = 0, completed tasks = 1]]
2017-08-19 17:17:49  [ main:70 ] - [ INFO ]  switch executorService from [java.util.concurrent.ThreadPoolExecutor@15327b79[Running, pool size = 2, active threads = 1, queued tasks = 0, completed tasks = 1]] to [java.util.concurrent.ThreadPoolExecutor@15327b79[Running, pool size = 2, active threads = 1, queued tasks = 0, completed tasks = 1]]
2017-08-19 17:17:49  [ main:70 ] - [ INFO ]  switch executorService from [java.util.concurrent.ThreadPoolExecutor@15327b79[Running, pool size = 2, active threads = 0, queued tasks = 0, completed tasks = 2]] to [java.util.concurrent.Executors$FinalizableDelegatedExecutorService@5e8c92f4]
2017-08-19 17:18:32  [ main:0 ] - [ INFO ]  switchExecutorServicesQueue has been initialized
2017-08-19 17:18:32  [ main:6 ] - [ INFO ]  init executorServices done:8/40/16
2017-08-19 17:18:32  [ main:62 ] - [ INFO ]  this is the first executorService on the BlockingDeque.[java.util.concurrent.ThreadPoolExecutor@15327b79[Running, pool size = 0, active threads = 0, queued tasks = 0, completed tasks = 0]]
2017-08-19 17:18:32  [ main:63 ] - [ INFO ]  switch executorService from [java.util.concurrent.ThreadPoolExecutor@15327b79[Running, pool size = 1, active threads = 1, queued tasks = 0, completed tasks = 0]] to [java.util.concurrent.ThreadPoolExecutor@5b80350b[Running, pool size = 0, active threads = 0, queued tasks = 0, completed tasks = 0]]
2017-08-19 17:18:32  [ main:65 ] - [ INFO ]  switch executorService from [java.util.concurrent.ThreadPoolExecutor@5b80350b[Running, pool size = 1, active threads = 1, queued tasks = 0, completed tasks = 0]] to [java.util.concurrent.ThreadPoolExecutor@15327b79[Running, pool size = 1, active threads = 0, queued tasks = 0, completed tasks = 1]]
2017-08-19 17:18:32  [ main:65 ] - [ INFO ]  switch executorService from [java.util.concurrent.ThreadPoolExecutor@15327b79[Running, pool size = 2, active threads = 1, queued tasks = 0, completed tasks = 1]] to [java.util.concurrent.ThreadPoolExecutor@15327b79[Running, pool size = 2, active threads = 1, queued tasks = 0, completed tasks = 1]]
2017-08-19 17:18:32  [ main:65 ] - [ INFO ]  switch executorService from [java.util.concurrent.ThreadPoolExecutor@15327b79[Running, pool size = 2, active threads = 0, queued tasks = 0, completed tasks = 2]] to [java.util.concurrent.Executors$FinalizableDelegatedExecutorService@5e8c92f4]
2017-08-19 17:18:53  [ main:0 ] - [ INFO ]  switchExecutorServicesQueue has been initialized
2017-08-19 17:18:53  [ main:8 ] - [ INFO ]  init executorServices done:8/40/16
2017-08-19 17:18:53  [ main:62 ] - [ INFO ]  this is the first executorService on the BlockingDeque.[java.util.concurrent.ThreadPoolExecutor@15327b79[Running, pool size = 0, active threads = 0, queued tasks = 0, completed tasks = 0]]
2017-08-19 17:18:53  [ main:63 ] - [ INFO ]  switch executorService from [java.util.concurrent.ThreadPoolExecutor@15327b79[Running, pool size = 1, active threads = 1, queued tasks = 0, completed tasks = 0]] to [java.util.concurrent.ThreadPoolExecutor@5b80350b[Running, pool size = 0, active threads = 0, queued tasks = 0, completed tasks = 0]]
2017-08-19 17:18:53  [ main:65 ] - [ INFO ]  switch executorService from [java.util.concurrent.ThreadPoolExecutor@5b80350b[Running, pool size = 1, active threads = 1, queued tasks = 0, completed tasks = 0]] to [java.util.concurrent.ThreadPoolExecutor@15327b79[Running, pool size = 1, active threads = 0, queued tasks = 0, completed tasks = 1]]
2017-08-19 17:18:53  [ main:65 ] - [ INFO ]  switch executorService from [java.util.concurrent.ThreadPoolExecutor@15327b79[Running, pool size = 2, active threads = 1, queued tasks = 0, completed tasks = 1]] to [java.util.concurrent.ThreadPoolExecutor@15327b79[Running, pool size = 2, active threads = 1, queued tasks = 0, completed tasks = 1]]
2017-08-19 17:18:53  [ main:65 ] - [ INFO ]  switch executorService from [java.util.concurrent.ThreadPoolExecutor@15327b79[Running, pool size = 2, active threads = 0, queued tasks = 0, completed tasks = 2]] to [java.util.concurrent.Executors$FinalizableDelegatedExecutorService@5e8c92f4]
2017-08-19 17:19:31  [ main:0 ] - [ INFO ]  switchExecutorServicesQueue has been initialized
2017-08-19 17:19:31  [ main:6 ] - [ INFO ]  init executorServices done:8/40/16
2017-08-19 17:19:31  [ main:61 ] - [ INFO ]  this is the first executorService on the BlockingDeque.[java.util.concurrent.ThreadPoolExecutor@15327b79[Running, pool size = 0, active threads = 0, queued tasks = 0, completed tasks = 0]]
2017-08-19 17:19:31  [ main:62 ] - [ INFO ]  switch executorService from [java.util.concurrent.ThreadPoolExecutor@15327b79[Running, pool size = 1, active threads = 1, queued tasks = 0, completed tasks = 0]] to [java.util.concurrent.ThreadPoolExecutor@5b80350b[Running, pool size = 0, active threads = 0, queued tasks = 0, completed tasks = 0]]
2017-08-19 17:19:31  [ main:64 ] - [ INFO ]  switch executorService from [java.util.concurrent.ThreadPoolExecutor@5b80350b[Running, pool size = 1, active threads = 1, queued tasks = 0, completed tasks = 0]] to [java.util.concurrent.ThreadPoolExecutor@15327b79[Running, pool size = 1, active threads = 0, queued tasks = 0, completed tasks = 1]]
2017-08-19 17:19:31  [ main:64 ] - [ INFO ]  switch executorService from [java.util.concurrent.ThreadPoolExecutor@15327b79[Running, pool size = 2, active threads = 1, queued tasks = 0, completed tasks = 1]] to [java.util.concurrent.ThreadPoolExecutor@15327b79[Running, pool size = 2, active threads = 1, queued tasks = 0, completed tasks = 1]]
2017-08-19 17:19:31  [ main:64 ] - [ INFO ]  switch executorService from [java.util.concurrent.ThreadPoolExecutor@15327b79[Running, pool size = 2, active threads = 0, queued tasks = 0, completed tasks = 2]] to [java.util.concurrent.Executors$FinalizableDelegatedExecutorService@5e8c92f4]
2017-08-19 17:19:46  [ main:0 ] - [ INFO ]  switchExecutorServicesQueue has been initialized
2017-08-19 17:19:46  [ main:5 ] - [ INFO ]  init executorServices done:8/40/16
2017-08-19 17:19:46  [ main:62 ] - [ INFO ]  this is the first executorService on the BlockingDeque.[java.util.concurrent.ThreadPoolExecutor@15327b79[Running, pool size = 0, active threads = 0, queued tasks = 0, completed tasks = 0]]
2017-08-19 17:19:46  [ main:63 ] - [ INFO ]  switch executorService from [java.util.concurrent.ThreadPoolExecutor@15327b79[Running, pool size = 1, active threads = 1, queued tasks = 0, completed tasks = 0]] to [java.util.concurrent.ThreadPoolExecutor@5b80350b[Running, pool size = 0, active threads = 0, queued tasks = 0, completed tasks = 0]]
2017-08-19 17:19:46  [ main:65 ] - [ INFO ]  switch executorService from [java.util.concurrent.ThreadPoolExecutor@5b80350b[Running, pool size = 1, active threads = 1, queued tasks = 0, completed tasks = 0]] to [java.util.concurrent.ThreadPoolExecutor@15327b79[Running, pool size = 1, active threads = 0, queued tasks = 0, completed tasks = 1]]
2017-08-19 17:19:46  [ main:65 ] - [ INFO ]  switch executorService from [java.util.concurrent.ThreadPoolExecutor@15327b79[Running, pool size = 2, active threads = 1, queued tasks = 0, completed tasks = 1]] to [java.util.concurrent.ThreadPoolExecutor@15327b79[Running, pool size = 2, active threads = 1, queued tasks = 0, completed tasks = 1]]
2017-08-19 17:19:46  [ main:66 ] - [ INFO ]  switch executorService from [java.util.concurrent.ThreadPoolExecutor@15327b79[Running, pool size = 2, active threads = 0, queued tasks = 0, completed tasks = 2]] to [java.util.concurrent.Executors$FinalizableDelegatedExecutorService@5e8c92f4]
2017-08-19 17:22:54  [ main:0 ] - [ INFO ]  switchExecutorServicesQueue has been initialized
2017-08-19 17:22:54  [ main:8 ] - [ INFO ]  init executorServices done:8/40/16
2017-08-19 17:22:54  [ main:74 ] - [ INFO ]  this is the first executorService on the BlockingDeque.[java.util.concurrent.ThreadPoolExecutor@15327b79[Running, pool size = 0, active threads = 0, queued tasks = 0, completed tasks = 0]]
2017-08-19 17:22:54  [ main:75 ] - [ INFO ]  switch executorService from [java.util.concurrent.ThreadPoolExecutor@15327b79[Running, pool size = 1, active threads = 1, queued tasks = 0, completed tasks = 0]] to [java.util.concurrent.ThreadPoolExecutor@5b80350b[Running, pool size = 0, active threads = 0, queued tasks = 0, completed tasks = 0]]
2017-08-19 17:22:54  [ main:78 ] - [ INFO ]  switch executorService from [java.util.concurrent.ThreadPoolExecutor@5b80350b[Running, pool size = 1, active threads = 1, queued tasks = 0, completed tasks = 0]] to [java.util.concurrent.ThreadPoolExecutor@15327b79[Running, pool size = 1, active threads = 1, queued tasks = 0, completed tasks = 0]]
2017-08-19 17:22:54  [ main:79 ] - [ INFO ]  switch executorService from [java.util.concurrent.ThreadPoolExecutor@15327b79[Running, pool size = 2, active threads = 2, queued tasks = 0, completed tasks = 0]] to [java.util.concurrent.ThreadPoolExecutor@15327b79[Running, pool size = 2, active threads = 2, queued tasks = 0, completed tasks = 0]]
2017-08-19 17:22:54  [ main:79 ] - [ INFO ]  switch executorService from [java.util.concurrent.ThreadPoolExecutor@15327b79[Running, pool size = 2, active threads = 2, queued tasks = 0, completed tasks = 0]] to [java.util.concurrent.Executors$FinalizableDelegatedExecutorService@5e8c92f4]
2017-08-19 17:27:02  [ main:0 ] - [ INFO ]  switchExecutorServicesQueue has been initialized
2017-08-19 17:27:02  [ main:61 ] - [ INFO ]  init executorServices done:8/40/16
2017-08-19 17:27:02  [ main:64 ] - [ INFO ]  this is the first executorService on the BlockingDeque.[java.util.concurrent.ThreadPoolExecutor@32a1bec0[Running, pool size = 0, active threads = 0, queued tasks = 0, completed tasks = 0]]
2017-08-19 17:27:02  [ main:65 ] - [ INFO ]  switch executorService from [java.util.concurrent.ThreadPoolExecutor@32a1bec0[Running, pool size = 1, active threads = 1, queued tasks = 0, completed tasks = 0]] to [java.util.concurrent.ThreadPoolExecutor@5e8c92f4[Running, pool size = 0, active threads = 0, queued tasks = 0, completed tasks = 0]]
2017-08-19 17:27:02  [ main:67 ] - [ INFO ]  switch executorService from [java.util.concurrent.ThreadPoolExecutor@5e8c92f4[Running, pool size = 1, active threads = 1, queued tasks = 0, completed tasks = 0]] to [java.util.concurrent.ThreadPoolExecutor@32a1bec0[Running, pool size = 1, active threads = 1, queued tasks = 0, completed tasks = 0]]
2017-08-19 17:27:02  [ main:67 ] - [ INFO ]  switch executorService from [java.util.concurrent.ThreadPoolExecutor@32a1bec0[Running, pool size = 2, active threads = 2, queued tasks = 0, completed tasks = 0]] to [java.util.concurrent.ThreadPoolExecutor@32a1bec0[Running, pool size = 2, active threads = 2, queued tasks = 0, completed tasks = 0]]
2017-08-19 17:27:02  [ main:67 ] - [ INFO ]  switch executorService from [java.util.concurrent.ThreadPoolExecutor@32a1bec0[Running, pool size = 2, active threads = 2, queued tasks = 0, completed tasks = 0]] to [java.util.concurrent.Executors$FinalizableDelegatedExecutorService@51521cc1]
2017-08-19 17:27:23  [ main:0 ] - [ INFO ]  switchExecutorServicesQueue has been initialized
2017-08-19 17:27:23  [ main:65 ] - [ INFO ]  init executorServices done:8/40/16
2017-08-19 17:27:23  [ main:68 ] - [ INFO ]  this is the first executorService on the BlockingDeque.[java.util.concurrent.ThreadPoolExecutor@32a1bec0[Running, pool size = 0, active threads = 0, queued tasks = 0, completed tasks = 0]]
2017-08-19 17:27:23  [ main:69 ] - [ INFO ]  switch executorService from [java.util.concurrent.ThreadPoolExecutor@32a1bec0[Running, pool size = 1, active threads = 1, queued tasks = 0, completed tasks = 0]] to [java.util.concurrent.ThreadPoolExecutor@5e8c92f4[Running, pool size = 0, active threads = 0, queued tasks = 0, completed tasks = 0]]
2017-08-19 17:27:23  [ main:71 ] - [ INFO ]  switch executorService from [java.util.concurrent.ThreadPoolExecutor@5e8c92f4[Running, pool size = 1, active threads = 1, queued tasks = 0, completed tasks = 0]] to [java.util.concurrent.ThreadPoolExecutor@32a1bec0[Running, pool size = 1, active threads = 0, queued tasks = 0, completed tasks = 1]]
2017-08-19 17:27:23  [ main:71 ] - [ INFO ]  switch executorService from [java.util.concurrent.ThreadPoolExecutor@32a1bec0[Running, pool size = 2, active threads = 1, queued tasks = 0, completed tasks = 1]] to [java.util.concurrent.ThreadPoolExecutor@32a1bec0[Running, pool size = 2, active threads = 1, queued tasks = 0, completed tasks = 1]]
2017-08-19 17:27:23  [ main:72 ] - [ INFO ]  switch executorService from [java.util.concurrent.ThreadPoolExecutor@32a1bec0[Running, pool size = 2, active threads = 0, queued tasks = 0, completed tasks = 2]] to [java.util.concurrent.Executors$FinalizableDelegatedExecutorService@51521cc1]
2017-08-19 18:27:26  [ main:0 ] - [ INFO ]  switchExecutorServicesQueue has been initialized
2017-08-19 18:27:26  [ main:60 ] - [ INFO ]  init executorServices done:8/40/16
2017-08-19 18:27:26  [ main:63 ] - [ INFO ]  this is the first executorService on the BlockingDeque.[java.util.concurrent.ThreadPoolExecutor@32a1bec0[Running, pool size = 0, active threads = 0, queued tasks = 0, completed tasks = 0]]
2017-08-19 18:27:26  [ main:64 ] - [ INFO ]  switch executorService from [java.util.concurrent.ThreadPoolExecutor@32a1bec0[Running, pool size = 1, active threads = 1, queued tasks = 0, completed tasks = 0]] to [java.util.concurrent.ThreadPoolExecutor@5e8c92f4[Running, pool size = 0, active threads = 0, queued tasks = 0, completed tasks = 0]]
2017-08-19 18:27:26  [ main:66 ] - [ INFO ]  switch executorService from [java.util.concurrent.ThreadPoolExecutor@5e8c92f4[Running, pool size = 1, active threads = 1, queued tasks = 0, completed tasks = 0]] to [java.util.concurrent.ThreadPoolExecutor@32a1bec0[Running, pool size = 1, active threads = 0, queued tasks = 0, completed tasks = 1]]
2017-08-19 18:27:26  [ main:66 ] - [ INFO ]  switch executorService from [java.util.concurrent.ThreadPoolExecutor@32a1bec0[Running, pool size = 2, active threads = 1, queued tasks = 0, completed tasks = 1]] to [java.util.concurrent.ThreadPoolExecutor@32a1bec0[Running, pool size = 2, active threads = 1, queued tasks = 0, completed tasks = 1]]
2017-08-19 18:27:26  [ main:67 ] - [ INFO ]  switch executorService from [java.util.concurrent.ThreadPoolExecutor@32a1bec0[Running, pool size = 2, active threads = 0, queued tasks = 0, completed tasks = 2]] to [java.util.concurrent.Executors$FinalizableDelegatedExecutorService@51521cc1]
2017-08-19 19:46:48  [ main:0 ] - [ INFO ]  switchExecutorServicesQueue has been initialized
2017-08-19 19:46:48  [ main:71 ] - [ INFO ]  init executorServices done:8/40/16
2017-08-19 19:46:48  [ main:72 ] - [ INFO ]  this is the first executorService on the BlockingDeque.[java.util.concurrent.ThreadPoolExecutor@32a1bec0[Running, pool size = 0, active threads = 0, queued tasks = 0, completed tasks = 0]]
2017-08-19 19:46:48  [ main:73 ] - [ INFO ]  switch executorService from [java.util.concurrent.ThreadPoolExecutor@32a1bec0[Running, pool size = 1, active threads = 1, queued tasks = 0, completed tasks = 0]] to [java.util.concurrent.ThreadPoolExecutor@5e8c92f4[Running, pool size = 0, active threads = 0, queued tasks = 0, completed tasks = 0]]
2017-08-19 19:46:48  [ main:75 ] - [ INFO ]  switch executorService from [java.util.concurrent.ThreadPoolExecutor@5e8c92f4[Running, pool size = 1, active threads = 1, queued tasks = 0, completed tasks = 0]] to [java.util.concurrent.ThreadPoolExecutor@32a1bec0[Running, pool size = 1, active threads = 0, queued tasks = 0, completed tasks = 1]]
2017-08-19 19:46:48  [ main:75 ] - [ INFO ]  switch executorService from [java.util.concurrent.ThreadPoolExecutor@32a1bec0[Running, pool size = 2, active threads = 1, queued tasks = 0, completed tasks = 1]] to [java.util.concurrent.ThreadPoolExecutor@32a1bec0[Running, pool size = 2, active threads = 1, queued tasks = 0, completed tasks = 1]]
2017-08-19 19:46:48  [ main:75 ] - [ INFO ]  switch executorService from [java.util.concurrent.ThreadPoolExecutor@32a1bec0[Running, pool size = 2, active threads = 0, queued tasks = 0, completed tasks = 2]] to [java.util.concurrent.Executors$FinalizableDelegatedExecutorService@51521cc1]
2017-08-19 19:46:48  [ main:75 ] - [ INFO ]  switch executorService from [java.util.concurrent.Executors$FinalizableDelegatedExecutorService@51521cc1] to [java.util.concurrent.Executors$FinalizableDelegatedExecutorService@deb6432]
2017-08-19 19:56:11  [ main:0 ] - [ INFO ]  switchExecutorServicesQueue has been initialized
2017-08-19 19:56:11  [ main:73 ] - [ INFO ]  init executorServices done:8/40/16
2017-08-19 19:56:11  [ main:74 ] - [ INFO ]  this is the first executorService on the BlockingDeque.[java.util.concurrent.ThreadPoolExecutor@32a1bec0[Running, pool size = 0, active threads = 0, queued tasks = 0, completed tasks = 0]]
2017-08-19 19:56:11  [ main:74 ] - [ INFO ]  switch executorService from [java.util.concurrent.ThreadPoolExecutor@32a1bec0[Running, pool size = 1, active threads = 1, queued tasks = 0, completed tasks = 0]] to [java.util.concurrent.ThreadPoolExecutor@5e8c92f4[Running, pool size = 0, active threads = 0, queued tasks = 0, completed tasks = 0]]
2017-08-19 19:56:11  [ main:76 ] - [ INFO ]  switch executorService from [java.util.concurrent.ThreadPoolExecutor@5e8c92f4[Running, pool size = 1, active threads = 1, queued tasks = 0, completed tasks = 0]] to [java.util.concurrent.ThreadPoolExecutor@32a1bec0[Running, pool size = 1, active threads = 0, queued tasks = 0, completed tasks = 1]]
2017-08-19 19:56:11  [ main:77 ] - [ INFO ]  switch executorService from [java.util.concurrent.ThreadPoolExecutor@32a1bec0[Running, pool size = 2, active threads = 1, queued tasks = 0, completed tasks = 1]] to [java.util.concurrent.ThreadPoolExecutor@32a1bec0[Running, pool size = 2, active threads = 1, queued tasks = 0, completed tasks = 1]]
2017-08-19 19:56:11  [ main:77 ] - [ INFO ]  switch executorService from [java.util.concurrent.ThreadPoolExecutor@32a1bec0[Running, pool size = 2, active threads = 0, queued tasks = 0, completed tasks = 2]] to [java.util.concurrent.Executors$FinalizableDelegatedExecutorService@51521cc1]
2017-08-19 19:56:11  [ main:77 ] - [ INFO ]  switch executorService from [java.util.concurrent.Executors$FinalizableDelegatedExecutorService@51521cc1] to [java.util.concurrent.Executors$FinalizableDelegatedExecutorService@deb6432]
2017-08-19 19:56:41  [ main:0 ] - [ INFO ]  switchExecutorServicesQueue has been initialized
2017-08-19 19:56:41  [ main:73 ] - [ INFO ]  init executorServices done:8/40/16
2017-08-19 19:56:41  [ main:74 ] - [ INFO ]  this is the first executorService on the BlockingDeque.[java.util.concurrent.ThreadPoolExecutor@32a1bec0[Running, pool size = 0, active threads = 0, queued tasks = 0, completed tasks = 0]]
2017-08-19 19:56:41  [ main:76 ] - [ INFO ]  switch executorService from [java.util.concurrent.ThreadPoolExecutor@32a1bec0[Running, pool size = 1, active threads = 1, queued tasks = 0, completed tasks = 0]] to [java.util.concurrent.ThreadPoolExecutor@5e8c92f4[Running, pool size = 0, active threads = 0, queued tasks = 0, completed tasks = 0]]
2017-08-19 19:56:41  [ main:78 ] - [ INFO ]  switch executorService from [java.util.concurrent.ThreadPoolExecutor@5e8c92f4[Running, pool size = 1, active threads = 1, queued tasks = 0, completed tasks = 0]] to [java.util.concurrent.ThreadPoolExecutor@32a1bec0[Running, pool size = 1, active threads = 0, queued tasks = 0, completed tasks = 1]]
2017-08-19 19:56:41  [ main:78 ] - [ INFO ]  switch executorService from [java.util.concurrent.ThreadPoolExecutor@32a1bec0[Running, pool size = 2, active threads = 1, queued tasks = 0, completed tasks = 1]] to [java.util.concurrent.ThreadPoolExecutor@32a1bec0[Running, pool size = 2, active threads = 1, queued tasks = 0, completed tasks = 1]]
2017-08-19 19:56:41  [ main:79 ] - [ INFO ]  switch executorService from [java.util.concurrent.ThreadPoolExecutor@32a1bec0[Running, pool size = 2, active threads = 0, queued tasks = 0, completed tasks = 2]] to [java.util.concurrent.Executors$FinalizableDelegatedExecutorService@51521cc1]
2017-08-19 19:56:41  [ main:79 ] - [ INFO ]  switch executorService from [java.util.concurrent.Executors$FinalizableDelegatedExecutorService@51521cc1] to [java.util.concurrent.Executors$FinalizableDelegatedExecutorService@deb6432]
2017-08-19 19:56:41  [ main:79 ] - [ INFO ]  switch executorService from [java.util.concurrent.Executors$FinalizableDelegatedExecutorService@deb6432] to [java.util.concurrent.Executors$FinalizableDelegatedExecutorService@694f9431]
2017-08-19 19:58:23  [ main:0 ] - [ INFO ]  switchExecutorServicesQueue has been initialized
2017-08-19 19:58:23  [ main:67 ] - [ INFO ]  init executorServices done:8/40/16
2017-08-19 19:58:23  [ main:68 ] - [ INFO ]  this is the first executorService on the BlockingDeque.[java.util.concurrent.ThreadPoolExecutor@32a1bec0[Running, pool size = 0, active threads = 0, queued tasks = 0, completed tasks = 0]]
2017-08-19 19:58:23  [ main:69 ] - [ INFO ]  switch executorService from [java.util.concurrent.ThreadPoolExecutor@32a1bec0[Running, pool size = 1, active threads = 1, queued tasks = 0, completed tasks = 0]] to [java.util.concurrent.ThreadPoolExecutor@5e8c92f4[Running, pool size = 0, active threads = 0, queued tasks = 0, completed tasks = 0]]
2017-08-19 19:58:23  [ main:71 ] - [ INFO ]  switch executorService from [java.util.concurrent.ThreadPoolExecutor@5e8c92f4[Running, pool size = 1, active threads = 1, queued tasks = 0, completed tasks = 0]] to [java.util.concurrent.ThreadPoolExecutor@32a1bec0[Running, pool size = 1, active threads = 0, queued tasks = 0, completed tasks = 1]]
2017-08-19 19:58:23  [ main:71 ] - [ INFO ]  switch executorService from [java.util.concurrent.ThreadPoolExecutor@32a1bec0[Running, pool size = 2, active threads = 1, queued tasks = 0, completed tasks = 1]] to [java.util.concurrent.ThreadPoolExecutor@32a1bec0[Running, pool size = 2, active threads = 1, queued tasks = 0, completed tasks = 1]]
2017-08-19 19:58:23  [ main:71 ] - [ INFO ]  switch executorService from [java.util.concurrent.ThreadPoolExecutor@32a1bec0[Running, pool size = 2, active threads = 0, queued tasks = 0, completed tasks = 2]] to [java.util.concurrent.Executors$FinalizableDelegatedExecutorService@51521cc1]
2017-08-19 19:58:23  [ main:72 ] - [ INFO ]  switch executorService from [java.util.concurrent.Executors$FinalizableDelegatedExecutorService@51521cc1] to [java.util.concurrent.Executors$FinalizableDelegatedExecutorService@deb6432]
2017-08-19 19:58:23  [ main:72 ] - [ INFO ]  switch executorService from [java.util.concurrent.Executors$FinalizableDelegatedExecutorService@deb6432] to [java.util.concurrent.Executors$FinalizableDelegatedExecutorService@694f9431]
2017-08-19 20:01:15  [ main:0 ] - [ INFO ]  switchExecutorServicesQueue has been initialized
2017-08-19 20:01:15  [ main:69 ] - [ INFO ]  init executorServices done:8/40/16
2017-08-19 20:01:15  [ main:70 ] - [ INFO ]  this is the first executorService on the BlockingDeque.[java.util.concurrent.ThreadPoolExecutor@32a1bec0[Running, pool size = 0, active threads = 0, queued tasks = 0, completed tasks = 0]]
2017-08-19 20:01:15  [ main:71 ] - [ INFO ]  switch executorService from [java.util.concurrent.ThreadPoolExecutor@32a1bec0[Running, pool size = 1, active threads = 0, queued tasks = 0, completed tasks = 0]] to [java.util.concurrent.ThreadPoolExecutor@5e8c92f4[Running, pool size = 0, active threads = 0, queued tasks = 0, completed tasks = 0]]
2017-08-19 20:01:15  [ main:74 ] - [ INFO ]  switch executorService from [java.util.concurrent.ThreadPoolExecutor@5e8c92f4[Running, pool size = 1, active threads = 1, queued tasks = 0, completed tasks = 0]] to [java.util.concurrent.ThreadPoolExecutor@32a1bec0[Running, pool size = 1, active threads = 0, queued tasks = 0, completed tasks = 1]]
2017-08-19 20:01:15  [ main:74 ] - [ INFO ]  switch executorService from [java.util.concurrent.ThreadPoolExecutor@32a1bec0[Running, pool size = 2, active threads = 1, queued tasks = 0, completed tasks = 1]] to [java.util.concurrent.ThreadPoolExecutor@32a1bec0[Running, pool size = 2, active threads = 1, queued tasks = 0, completed tasks = 1]]
2017-08-19 20:01:15  [ main:74 ] - [ INFO ]  switch executorService from [java.util.concurrent.ThreadPoolExecutor@32a1bec0[Running, pool size = 2, active threads = 0, queued tasks = 0, completed tasks = 2]] to [java.util.concurrent.Executors$FinalizableDelegatedExecutorService@51521cc1]
2017-08-19 20:01:15  [ main:75 ] - [ INFO ]  switch executorService from [java.util.concurrent.Executors$FinalizableDelegatedExecutorService@51521cc1] to [java.util.concurrent.Executors$FinalizableDelegatedExecutorService@deb6432]
2017-08-19 20:01:15  [ main:75 ] - [ INFO ]  switch executorService from [java.util.concurrent.Executors$FinalizableDelegatedExecutorService@deb6432] to [java.util.concurrent.Executors$FinalizableDelegatedExecutorService@694f9431]
