2017-08-22 16:45:54  [ main:344 ] - [ ERROR ]  execute error:java.util.concurrent.ExecutionException: java.lang.NullPointerException
2017-08-22 16:45:54  [ main:345 ] - [ ERROR ]  Fallback error:java.util.concurrent.ExecutionException: java.lang.NullPointerException
2017-08-22 16:45:54  [ main:345 ] - [ ERROR ]  can not execute the job,runner is:com.hujian.switcher.example.StatisticDemo$StupidRunner@7e0b37bc
2017-08-22 16:48:10  [ main:335 ] - [ ERROR ]  execute error:java.util.concurrent.ExecutionException: java.lang.NullPointerException
2017-08-22 16:48:10  [ main:335 ] - [ ERROR ]  Fallback error:java.util.concurrent.ExecutionException: java.lang.NullPointerException
2017-08-22 16:48:10  [ main:336 ] - [ ERROR ]  can not execute the job,runner is:com.hujian.switcher.example.StatisticDemo$StupidRunner@7e0b37bc
2017-08-22 16:52:26  [ main:336 ] - [ ERROR ]  execute error:java.util.concurrent.ExecutionException: java.lang.NullPointerException
2017-08-22 16:52:26  [ main:336 ] - [ ERROR ]  Fallback error:java.util.concurrent.ExecutionException: java.lang.NullPointerException
2017-08-22 16:52:26  [ main:337 ] - [ ERROR ]  can not execute the job,runner is:com.hujian.switcher.example.StatisticDemo$StupidRunner@7e0b37bc
2017-08-22 17:03:15  [ SwitcherThread-I/O:895 ] - [ ERROR ]  Fallback error:java.lang.ArithmeticException: / by zero
2017-08-22 17:03:57  [ SwitcherThread-I/O:898 ] - [ ERROR ]  Fallback error:java.lang.ArithmeticException: / by zero
2017-08-22 17:05:09  [ SwitcherThread-I/O:896 ] - [ ERROR ]  Fallback error:java.lang.ArithmeticException: / by zero
2017-08-22 17:06:41  [ SwitcherThread-I/O:894 ] - [ ERROR ]  Fallback error:java.lang.ArithmeticException: / by zero
2017-08-22 17:06:41  [ SwitcherThread-I/O:895 ] - [ ERROR ]  fallback error.
2017-08-22 17:09:21  [ SwitcherThread-I/O:893 ] - [ ERROR ]  Fallback error:java.lang.ArithmeticException: / by zero
2017-08-22 17:10:45  [ SwitcherThread-I/O:896 ] - [ ERROR ]  Fallback error:java.lang.ArithmeticException: / by zero
2017-08-22 17:10:56  [ SwitcherThread-I/O:893 ] - [ ERROR ]  Fallback error:java.lang.ArithmeticException: / by zero
2017-08-22 17:11:20  [ SwitcherThread-I/O:893 ] - [ ERROR ]  Fallback error:java.lang.ArithmeticException: / by zero
2017-08-22 17:13:17  [ SwitcherThread-I/O:896 ] - [ ERROR ]  Fallback error:java.lang.ArithmeticException: / by zero
2017-08-22 17:15:02  [ SwitcherThread-I/O:892 ] - [ ERROR ]  Fallback error:java.lang.ArithmeticException: / by zero
2017-08-22 17:15:59  [ SwitcherThread-I/O:916 ] - [ ERROR ]  Fallback error:java.lang.ArithmeticException: / by zero
2017-08-22 17:16:52  [ SwitcherThread-I/O:902 ] - [ ERROR ]  Fallback error:java.lang.ArithmeticException: / by zero
2017-08-22 17:17:12  [ SwitcherThread-I/O:894 ] - [ ERROR ]  Fallback error:java.lang.ArithmeticException: / by zero
2017-08-22 17:18:35  [ SwitcherThread-I/O:602 ] - [ ERROR ]  Fallback error:java.lang.ArithmeticException: / by zero
2017-08-22 17:26:31  [ SwitcherThread-I/O:1588 ] - [ ERROR ]  Fallback error:java.lang.ArithmeticException: / by zero
2017-08-22 17:28:58  [ SwitcherThread-I/O:1585 ] - [ ERROR ]  Fallback error:java.lang.ArithmeticException: / by zero
2017-08-22 17:29:58  [ SwitcherThread-I/O:1584 ] - [ ERROR ]  Fallback error:java.lang.ArithmeticException: / by zero
2017-08-22 17:31:12  [ SwitcherThread-I/O:1597 ] - [ ERROR ]  Fallback error:java.lang.ArithmeticException: / by zero
2017-08-22 17:31:36  [ SwitcherThread-I/O:1596 ] - [ ERROR ]  Fallback error:java.lang.ArithmeticException: / by zero
2017-08-22 17:31:57  [ SwitcherThread-I/O:1596 ] - [ ERROR ]  Fallback error:java.lang.ArithmeticException: / by zero
2017-08-22 17:34:49  [ SwitcherThread-I/O:1595 ] - [ ERROR ]  Fallback error:java.lang.ArithmeticException: / by zero
